  main.cpp
f:\projects\industrial project development\virtual file system\virtual file system\main.cpp(24): warning C4996: 'stricmp': The POSIX name for this item is deprecated. Instead, use the ISO C and C++ conformant name: _stricmp. See online help for details.
  c:\program files (x86)\windows kits\10\include\10.0.15063.0\ucrt\string.h(554): note: see declaration of 'stricmp'
f:\projects\industrial project development\virtual file system\virtual file system\main.cpp(28): warning C4996: 'stricmp': The POSIX name for this item is deprecated. Instead, use the ISO C and C++ conformant name: _stricmp. See online help for details.
  c:\program files (x86)\windows kits\10\include\10.0.15063.0\ucrt\string.h(554): note: see declaration of 'stricmp'
f:\projects\industrial project development\virtual file system\virtual file system\main.cpp(34): warning C4996: 'stricmp': The POSIX name for this item is deprecated. Instead, use the ISO C and C++ conformant name: _stricmp. See online help for details.
  c:\program files (x86)\windows kits\10\include\10.0.15063.0\ucrt\string.h(554): note: see declaration of 'stricmp'
f:\projects\industrial project development\virtual file system\virtual file system\main.cpp(39): warning C4996: 'stricmp': The POSIX name for this item is deprecated. Instead, use the ISO C and C++ conformant name: _stricmp. See online help for details.
  c:\program files (x86)\windows kits\10\include\10.0.15063.0\ucrt\string.h(554): note: see declaration of 'stricmp'
f:\projects\industrial project development\virtual file system\virtual file system\main.cpp(44): warning C4996: 'stricmp': The POSIX name for this item is deprecated. Instead, use the ISO C and C++ conformant name: _stricmp. See online help for details.
  c:\program files (x86)\windows kits\10\include\10.0.15063.0\ucrt\string.h(554): note: see declaration of 'stricmp'
f:\projects\industrial project development\virtual file system\virtual file system\main.cpp(57): warning C4996: 'stricmp': The POSIX name for this item is deprecated. Instead, use the ISO C and C++ conformant name: _stricmp. See online help for details.
  c:\program files (x86)\windows kits\10\include\10.0.15063.0\ucrt\string.h(554): note: see declaration of 'stricmp'
f:\projects\industrial project development\virtual file system\virtual file system\main.cpp(70): warning C4996: 'stricmp': The POSIX name for this item is deprecated. Instead, use the ISO C and C++ conformant name: _stricmp. See online help for details.
  c:\program files (x86)\windows kits\10\include\10.0.15063.0\ucrt\string.h(554): note: see declaration of 'stricmp'
f:\projects\industrial project development\virtual file system\virtual file system\main.cpp(83): warning C4996: 'stricmp': The POSIX name for this item is deprecated. Instead, use the ISO C and C++ conformant name: _stricmp. See online help for details.
  c:\program files (x86)\windows kits\10\include\10.0.15063.0\ucrt\string.h(554): note: see declaration of 'stricmp'
f:\projects\industrial project development\virtual file system\virtual file system\main.cpp(96): warning C4996: 'stricmp': The POSIX name for this item is deprecated. Instead, use the ISO C and C++ conformant name: _stricmp. See online help for details.
  c:\program files (x86)\windows kits\10\include\10.0.15063.0\ucrt\string.h(554): note: see declaration of 'stricmp'
f:\projects\industrial project development\virtual file system\virtual file system\main.cpp(105): warning C4996: 'stricmp': The POSIX name for this item is deprecated. Instead, use the ISO C and C++ conformant name: _stricmp. See online help for details.
  c:\program files (x86)\windows kits\10\include\10.0.15063.0\ucrt\string.h(554): note: see declaration of 'stricmp'
f:\projects\industrial project development\virtual file system\virtual file system\main.cpp(109): warning C4996: 'stricmp': The POSIX name for this item is deprecated. Instead, use the ISO C and C++ conformant name: _stricmp. See online help for details.
  c:\program files (x86)\windows kits\10\include\10.0.15063.0\ucrt\string.h(554): note: see declaration of 'stricmp'
f:\projects\industrial project development\virtual file system\virtual file system\main.cpp(140): warning C4996: 'stricmp': The POSIX name for this item is deprecated. Instead, use the ISO C and C++ conformant name: _stricmp. See online help for details.
  c:\program files (x86)\windows kits\10\include\10.0.15063.0\ucrt\string.h(554): note: see declaration of 'stricmp'
f:\projects\industrial project development\virtual file system\virtual file system\main.cpp(149): warning C4996: 'stricmp': The POSIX name for this item is deprecated. Instead, use the ISO C and C++ conformant name: _stricmp. See online help for details.
  c:\program files (x86)\windows kits\10\include\10.0.15063.0\ucrt\string.h(554): note: see declaration of 'stricmp'
f:\projects\industrial project development\virtual file system\virtual file system\main.cpp(162): warning C4996: 'stricmp': The POSIX name for this item is deprecated. Instead, use the ISO C and C++ conformant name: _stricmp. See online help for details.
  c:\program files (x86)\windows kits\10\include\10.0.15063.0\ucrt\string.h(554): note: see declaration of 'stricmp'
f:\projects\industrial project development\virtual file system\virtual file system\main.cpp(175): warning C4996: 'stricmp': The POSIX name for this item is deprecated. Instead, use the ISO C and C++ conformant name: _stricmp. See online help for details.
  c:\program files (x86)\windows kits\10\include\10.0.15063.0\ucrt\string.h(554): note: see declaration of 'stricmp'
f:\projects\industrial project development\virtual file system\virtual file system\main.cpp(191): warning C4996: 'stricmp': The POSIX name for this item is deprecated. Instead, use the ISO C and C++ conformant name: _stricmp. See online help for details.
  c:\program files (x86)\windows kits\10\include\10.0.15063.0\ucrt\string.h(554): note: see declaration of 'stricmp'
f:\projects\industrial project development\virtual file system\virtual file system\main.cpp(216): warning C4996: 'stricmp': The POSIX name for this item is deprecated. Instead, use the ISO C and C++ conformant name: _stricmp. See online help for details.
  c:\program files (x86)\windows kits\10\include\10.0.15063.0\ucrt\string.h(554): note: see declaration of 'stricmp'
f:\projects\industrial project development\virtual file system\virtual file system\main.cpp(246): warning C4996: 'stricmp': The POSIX name for this item is deprecated. Instead, use the ISO C and C++ conformant name: _stricmp. See online help for details.
  c:\program files (x86)\windows kits\10\include\10.0.15063.0\ucrt\string.h(554): note: see declaration of 'stricmp'
f:\projects\industrial project development\virtual file system\virtual file system\main.cpp(292): warning C4996: 'stricmp': The POSIX name for this item is deprecated. Instead, use the ISO C and C++ conformant name: _stricmp. See online help for details.
  c:\program files (x86)\windows kits\10\include\10.0.15063.0\ucrt\string.h(554): note: see declaration of 'stricmp'
f:\projects\industrial project development\virtual file system\virtual file system\main.cpp(316): warning C4996: 'stricmp': The POSIX name for this item is deprecated. Instead, use the ISO C and C++ conformant name: _stricmp. See online help for details.
  c:\program files (x86)\windows kits\10\include\10.0.15063.0\ucrt\string.h(554): note: see declaration of 'stricmp'
  helper.cpp
  Generating Code...
f:\projects\industrial project development\virtual file system\virtual file system\helper.cpp(357): warning C4715: 'rm_File': not all control paths return a value
f:\projects\industrial project development\virtual file system\virtual file system\helper.cpp(701): warning C4715: 'LseekFile': not all control paths return a value
f:\projects\industrial project development\virtual file system\virtual file system\helper.cpp(902): warning C4715: 'truncate_File': not all control paths return a value
f:\projects\industrial project development\virtual file system\virtual file system\helper.cpp(931): warning C4715: 'ftruncate': not all control paths return a value
f:\projects\industrial project development\virtual file system\virtual file system\helper.cpp(980): warning C4715: 'chmod': not all control paths return a value
f:\projects\industrial project development\virtual file system\virtual file system\helper.cpp(1007): warning C4715: 'GetFileOffset': not all control paths return a value
  Virtual File System.vcxproj -> F:\Projects\Industrial Project Development\Virtual File System\Debug\Virtual File System.exe
  Virtual File System.vcxproj -> F:\Projects\Industrial Project Development\Virtual File System\Debug\Virtual File System.pdb (Partial PDB)
